2024-07-15 11:21:55 [main] INFO  c.e.s.SpringHelloLog4jApplication - Starting SpringHelloLog4jApplication using Java 17.0.6 with PID 13620 (C:\Users\krith\Downloads\Spring-Hello-Log4j\target\classes started by krith in C:\Users\krith\Downloads\Spring-Hello-Log4j)
2024-07-15 11:21:55 [main] DEBUG c.e.s.SpringHelloLog4jApplication - Running with Spring Boot v3.3.1, Spring v6.1.10
2024-07-15 11:21:55 [main] INFO  c.e.s.SpringHelloLog4jApplication - No active profile set, falling back to 1 default profile: "default"
2024-07-15 11:21:57 [main] INFO  o.s.b.w.e.tomcat.TomcatWebServer - Tomcat initialized with port 8080 (http)
2024-07-15 11:21:57 [main] INFO  o.a.coyote.http11.Http11NioProtocol - Initializing ProtocolHandler ["http-nio-8080"]
2024-07-15 11:21:57 [main] INFO  o.a.catalina.core.StandardService - Starting service [Tomcat]
2024-07-15 11:21:57 [main] INFO  o.a.catalina.core.StandardEngine - Starting Servlet engine: [Apache Tomcat/10.1.25]
2024-07-15 11:21:57 [main] INFO  o.a.c.c.C.[Tomcat].[localhost].[/] - Initializing Spring embedded WebApplicationContext
2024-07-15 11:21:57 [main] INFO  o.s.b.w.s.c.ServletWebServerApplicationContext - Root WebApplicationContext: initialization completed in 1309 ms
2024-07-15 11:21:57 [main] INFO  o.a.coyote.http11.Http11NioProtocol - Starting ProtocolHandler ["http-nio-8080"]
2024-07-15 11:21:57 [main] INFO  o.s.b.w.e.tomcat.TomcatWebServer - Tomcat started on port 8080 (http) with context path '/'
2024-07-15 11:21:57 [main] INFO  c.e.s.SpringHelloLog4jApplication - Started SpringHelloLog4jApplication in 2.766 seconds (process running for 4.063)
2024-07-15 17:55:09 [main] INFO  c.e.s.SpringHelloLog4jApplication - Starting SpringHelloLog4jApplication using Java 17.0.6 with PID 3920 (C:\Users\krith\Downloads\Spring-Hello-Log4j\target\classes started by krith in C:\Users\krith\Downloads\Spring-Hello-Log4j)
2024-07-15 17:55:09 [main] DEBUG c.e.s.SpringHelloLog4jApplication - Running with Spring Boot v3.3.1, Spring v6.1.10
2024-07-15 17:55:09 [main] INFO  c.e.s.SpringHelloLog4jApplication - No active profile set, falling back to 1 default profile: "default"
2024-07-15 17:55:11 [main] INFO  o.s.b.w.e.tomcat.TomcatWebServer - Tomcat initialized with port 8080 (http)
2024-07-15 17:55:11 [main] INFO  o.a.coyote.http11.Http11NioProtocol - Initializing ProtocolHandler ["http-nio-8080"]
2024-07-15 17:55:11 [main] INFO  o.a.catalina.core.StandardService - Starting service [Tomcat]
2024-07-15 17:55:11 [main] INFO  o.a.catalina.core.StandardEngine - Starting Servlet engine: [Apache Tomcat/10.1.25]
2024-07-15 17:55:11 [main] INFO  o.a.c.c.C.[Tomcat].[localhost].[/] - Initializing Spring embedded WebApplicationContext
2024-07-15 17:55:11 [main] INFO  o.s.b.w.s.c.ServletWebServerApplicationContext - Root WebApplicationContext: initialization completed in 2153 ms
2024-07-15 17:55:12 [main] INFO  o.a.coyote.http11.Http11NioProtocol - Starting ProtocolHandler ["http-nio-8080"]
2024-07-15 17:55:12 [main] INFO  o.s.b.w.e.tomcat.TomcatWebServer - Tomcat started on port 8080 (http) with context path '/'
2024-07-15 17:55:12 [main] INFO  c.e.s.SpringHelloLog4jApplication - Started SpringHelloLog4jApplication in 4.243 seconds (process running for 5.57)
2024-07-15 17:55:31 [http-nio-8080-exec-1] INFO  o.a.c.c.C.[Tomcat].[localhost].[/] - Initializing Spring DispatcherServlet 'dispatcherServlet'
2024-07-15 17:55:31 [http-nio-8080-exec-1] INFO  o.s.web.servlet.DispatcherServlet - Initializing Servlet 'dispatcherServlet'
2024-07-15 17:55:31 [http-nio-8080-exec-1] INFO  o.s.web.servlet.DispatcherServlet - Completed initialization in 2 ms
2024-07-15 17:55:31 [http-nio-8080-exec-1] INFO  c.e.s.c.HelloWorldController - This is a sample Spring Boot Hello World Application
2024-07-15 17:55:31 [http-nio-8080-exec-1] INFO  c.e.s.c.HelloWorldController - A cron job is scheduled to rotate log files regularly
2024-07-15 17:59:10 [main] INFO  c.e.s.SpringHelloLog4jApplication - Starting SpringHelloLog4jApplication using Java 17.0.6 with PID 24916 (C:\Users\krith\Downloads\Spring-Hello-Log4j\target\classes started by krith in C:\Users\krith\Downloads\Spring-Hello-Log4j)
2024-07-15 17:59:10 [main] DEBUG c.e.s.SpringHelloLog4jApplication - Running with Spring Boot v3.3.1, Spring v6.1.10
2024-07-15 17:59:10 [main] INFO  c.e.s.SpringHelloLog4jApplication - No active profile set, falling back to 1 default profile: "default"
2024-07-15 17:59:10 [main] INFO  o.s.b.w.e.tomcat.TomcatWebServer - Tomcat initialized with port 8080 (http)
2024-07-15 17:59:10 [main] INFO  o.a.coyote.http11.Http11NioProtocol - Initializing ProtocolHandler ["http-nio-8080"]
2024-07-15 17:59:10 [main] INFO  o.a.catalina.core.StandardService - Starting service [Tomcat]
2024-07-15 17:59:10 [main] INFO  o.a.catalina.core.StandardEngine - Starting Servlet engine: [Apache Tomcat/10.1.25]
2024-07-15 17:59:11 [main] INFO  o.a.c.c.C.[Tomcat].[localhost].[/] - Initializing Spring embedded WebApplicationContext
2024-07-15 17:59:11 [main] INFO  o.s.b.w.s.c.ServletWebServerApplicationContext - Root WebApplicationContext: initialization completed in 907 ms
2024-07-15 17:59:11 [main] INFO  o.a.coyote.http11.Http11NioProtocol - Starting ProtocolHandler ["http-nio-8080"]
2024-07-15 17:59:11 [main] INFO  o.s.b.w.e.tomcat.TomcatWebServer - Tomcat started on port 8080 (http) with context path '/'
2024-07-15 17:59:11 [main] INFO  c.e.s.SpringHelloLog4jApplication - Started SpringHelloLog4jApplication in 1.943 seconds (process running for 3.015)
2024-07-15 17:59:17 [http-nio-8080-exec-1] INFO  o.a.c.c.C.[Tomcat].[localhost].[/] - Initializing Spring DispatcherServlet 'dispatcherServlet'
2024-07-15 17:59:17 [http-nio-8080-exec-1] INFO  o.s.web.servlet.DispatcherServlet - Initializing Servlet 'dispatcherServlet'
2024-07-15 17:59:17 [http-nio-8080-exec-1] INFO  o.s.web.servlet.DispatcherServlet - Completed initialization in 1 ms
2024-07-15 17:59:17 [http-nio-8080-exec-1] INFO  c.e.s.c.HelloWorldController - This is a sample Spring Boot Hello World Application
2024-07-15 17:59:17 [http-nio-8080-exec-1] INFO  c.e.s.c.HelloWorldController - A cron job is scheduled to rotate log files regularly
2024-07-15 17:59:18 [http-nio-8080-exec-2] INFO  c.e.s.c.HelloWorldController - This is a sample Spring Boot Hello World Application
2024-07-15 17:59:18 [http-nio-8080-exec-2] INFO  c.e.s.c.HelloWorldController - A cron job is scheduled to rotate log files regularly
